<?xml version="1.0" encoding="UTF-8"?>
<testsuite name="org.example.ws.web.api.GreetingControllerTest" tests="6" skipped="0" failures="1" errors="0" timestamp="2019-05-07T16:54:14" hostname="Nikhils-MacBook-Air.local" time="1.252">
  <properties/>
  <testcase name="testGetGreetings" classname="org.example.ws.web.api.GreetingControllerTest" time="0.88"/>
  <testcase name="testGetGreetingNotFound" classname="org.example.ws.web.api.GreetingControllerTest" time="0.049"/>
  <testcase name="testUpdateGreeting" classname="org.example.ws.web.api.GreetingControllerTest" time="0.079"/>
  <testcase name="testCreateGreeting" classname="org.example.ws.web.api.GreetingControllerTest" time="0.076"/>
  <testcase name="testDeleteGreeting" classname="org.example.ws.web.api.GreetingControllerTest" time="0.109">
    <failure message="java.lang.AssertionError: failure - expected HTTP status 204 expected:&lt;204&gt; but was:&lt;500&gt;" type="java.lang.AssertionError">java.lang.AssertionError: failure - expected HTTP status 204 expected:&lt;204&gt; but was:&lt;500&gt;
	at org.junit.Assert.fail(Assert.java:88)
	at org.junit.Assert.failNotEquals(Assert.java:834)
	at org.junit.Assert.assertEquals(Assert.java:645)
	at org.example.ws.web.api.GreetingControllerTest.testDeleteGreeting(GreetingControllerTest.java:172)
	at sun.reflect.NativeMethodAccessorImpl.invoke0(Native Method)
	at sun.reflect.NativeMethodAccessorImpl.invoke(NativeMethodAccessorImpl.java:62)
	at sun.reflect.DelegatingMethodAccessorImpl.invoke(DelegatingMethodAccessorImpl.java:43)
	at java.lang.reflect.Method.invoke(Method.java:498)
	at org.junit.runners.model.FrameworkMethod$1.runReflectiveCall(FrameworkMethod.java:50)
	at org.junit.internal.runners.model.ReflectiveCallable.run(ReflectiveCallable.java:12)
	at org.junit.runners.model.FrameworkMethod.invokeExplosively(FrameworkMethod.java:47)
	at org.junit.internal.runners.statements.InvokeMethod.evaluate(InvokeMethod.java:17)
	at org.junit.internal.runners.statements.RunBefores.evaluate(RunBefores.java:26)
	at org.springframework.test.context.junit4.statements.RunBeforeTestMethodCallbacks.evaluate(RunBeforeTestMethodCallbacks.java:73)
	at org.springframework.test.context.junit4.statements.RunAfterTestMethodCallbacks.evaluate(RunAfterTestMethodCallbacks.java:82)
	at org.springframework.test.context.junit4.statements.SpringRepeat.evaluate(SpringRepeat.java:73)
	at org.junit.runners.ParentRunner.runLeaf(ParentRunner.java:325)
	at org.springframework.test.context.junit4.SpringJUnit4ClassRunner.runChild(SpringJUnit4ClassRunner.java:224)
	at org.springframework.test.context.junit4.SpringJUnit4ClassRunner.runChild(SpringJUnit4ClassRunner.java:83)
	at org.junit.runners.ParentRunner$3.run(ParentRunner.java:290)
	at org.junit.runners.ParentRunner$1.schedule(ParentRunner.java:71)
	at org.junit.runners.ParentRunner.runChildren(ParentRunner.java:288)
	at org.junit.runners.ParentRunner.access$000(ParentRunner.java:58)
	at org.junit.runners.ParentRunner$2.evaluate(ParentRunner.java:268)
	at org.springframework.test.context.junit4.statements.RunBeforeTestClassCallbacks.evaluate(RunBeforeTestClassCallbacks.java:61)
	at org.springframework.test.context.junit4.statements.RunAfterTestClassCallbacks.evaluate(RunAfterTestClassCallbacks.java:68)
	at org.junit.runners.ParentRunner.run(ParentRunner.java:363)
	at org.springframework.test.context.junit4.SpringJUnit4ClassRunner.run(SpringJUnit4ClassRunner.java:163)
	at org.gradle.api.internal.tasks.testing.junit.JUnitTestClassExecuter.runTestClass(JUnitTestClassExecuter.java:105)
	at org.gradle.api.internal.tasks.testing.junit.JUnitTestClassExecuter.execute(JUnitTestClassExecuter.java:56)
	at org.gradle.api.internal.tasks.testing.junit.JUnitTestClassProcessor.processTestClass(JUnitTestClassProcessor.java:64)
	at org.gradle.api.internal.tasks.testing.SuiteTestClassProcessor.processTestClass(SuiteTestClassProcessor.java:50)
	at sun.reflect.NativeMethodAccessorImpl.invoke0(Native Method)
	at sun.reflect.NativeMethodAccessorImpl.invoke(NativeMethodAccessorImpl.java:62)
	at sun.reflect.DelegatingMethodAccessorImpl.invoke(DelegatingMethodAccessorImpl.java:43)
	at java.lang.reflect.Method.invoke(Method.java:498)
	at org.gradle.messaging.dispatch.ReflectionDispatch.dispatch(ReflectionDispatch.java:35)
	at org.gradle.messaging.dispatch.ReflectionDispatch.dispatch(ReflectionDispatch.java:24)
	at org.gradle.messaging.dispatch.ContextClassLoaderDispatch.dispatch(ContextClassLoaderDispatch.java:32)
	at org.gradle.messaging.dispatch.ProxyDispatchAdapter$DispatchingInvocationHandler.invoke(ProxyDispatchAdapter.java:93)
	at com.sun.proxy.$Proxy5.processTestClass(Unknown Source)
	at org.gradle.api.internal.tasks.testing.worker.TestWorker.processTestClass(TestWorker.java:106)
	at sun.reflect.NativeMethodAccessorImpl.invoke0(Native Method)
	at sun.reflect.NativeMethodAccessorImpl.invoke(NativeMethodAccessorImpl.java:62)
	at sun.reflect.DelegatingMethodAccessorImpl.invoke(DelegatingMethodAccessorImpl.java:43)
	at java.lang.reflect.Method.invoke(Method.java:498)
	at org.gradle.messaging.dispatch.ReflectionDispatch.dispatch(ReflectionDispatch.java:35)
	at org.gradle.messaging.dispatch.ReflectionDispatch.dispatch(ReflectionDispatch.java:24)
	at org.gradle.messaging.remote.internal.hub.MessageHub$Handler.run(MessageHub.java:360)
	at org.gradle.internal.concurrent.ExecutorPolicy$CatchAndRecordFailures.onExecute(ExecutorPolicy.java:54)
	at org.gradle.internal.concurrent.StoppableExecutorImpl$1.run(StoppableExecutorImpl.java:40)
	at java.util.concurrent.ThreadPoolExecutor.runWorker(ThreadPoolExecutor.java:1149)
	at java.util.concurrent.ThreadPoolExecutor$Worker.run(ThreadPoolExecutor.java:624)
	at java.lang.Thread.run(Thread.java:748)
</failure>
  </testcase>
  <testcase name="testGetGreeting" classname="org.example.ws.web.api.GreetingControllerTest" time="0.035"/>
  <system-out><![CDATA[2019-05-07 22:24:14.279  INFO 1157 --- [    Test worker] o.s.t.c.web.WebTestContextBootstrapper   : Loaded default TestExecutionListener class names from location [META-INF/spring.factories]: [org.springframework.test.context.web.ServletTestExecutionListener, org.springframework.test.context.support.DependencyInjectionTestExecutionListener, org.springframework.test.context.support.DirtiesContextTestExecutionListener, org.springframework.test.context.transaction.TransactionalTestExecutionListener, org.springframework.test.context.jdbc.SqlScriptsTestExecutionListener]
2019-05-07 22:24:14.281  INFO 1157 --- [    Test worker] o.s.t.c.web.WebTestContextBootstrapper   : Using TestExecutionListeners: [org.springframework.test.context.web.ServletTestExecutionListener@7e453688, org.springframework.test.context.support.DependencyInjectionTestExecutionListener@41f6b556, org.springframework.test.context.support.DirtiesContextTestExecutionListener@50bf8b58, org.springframework.test.context.transaction.TransactionalTestExecutionListener@513815d7, org.springframework.test.context.jdbc.SqlScriptsTestExecutionListener@69e880e]
2019-05-07 22:24:14.322  INFO 1157 --- [    Test worker] o.s.t.c.transaction.TransactionContext   : Began transaction (1) for test context [DefaultTestContext@72b6c18e testClass = GreetingControllerTest, testInstance = org.example.ws.web.api.GreetingControllerTest@5eff71cb, testMethod = testGetGreetings@GreetingControllerTest, testException = [null], mergedContextConfiguration = [WebMergedContextConfiguration@4f78416e testClass = GreetingControllerTest, locations = '{}', classes = '{class org.example.App}', contextInitializerClasses = '[]', activeProfiles = '{}', propertySourceLocations = '{}', propertySourceProperties = '{}', resourceBasePath = 'src/main/webapp', contextLoader = 'org.springframework.boot.test.SpringApplicationContextLoader', parent = [null]]]; transaction manager [org.springframework.orm.jpa.JpaTransactionManager@7d96d914]; rollback [true]
2019-05-07 22:24:14.325  INFO 1157 --- [    Test worker] o.s.mock.web.MockServletContext          : Initializing Spring FrameworkServlet ''
2019-05-07 22:24:14.326  INFO 1157 --- [    Test worker] o.s.t.web.servlet.TestDispatcherServlet  : FrameworkServlet '': initialization started
2019-05-07 22:24:14.354  INFO 1157 --- [    Test worker] o.s.t.web.servlet.TestDispatcherServlet  : FrameworkServlet '': initialization completed in 28 ms
2019-05-07 22:24:14.375  INFO 1157 --- [    Test worker] org.example.service.GreetingServiceBean  : > evictCache
2019-05-07 22:24:14.375  INFO 1157 --- [    Test worker] org.example.service.GreetingServiceBean  : < evictCache
2019-05-07 22:24:15.199  INFO 1157 --- [    Test worker] o.s.t.c.transaction.TransactionContext   : Rolled back transaction for test context [DefaultTestContext@72b6c18e testClass = GreetingControllerTest, testInstance = org.example.ws.web.api.GreetingControllerTest@5eff71cb, testMethod = testGetGreetings@GreetingControllerTest, testException = [null], mergedContextConfiguration = [WebMergedContextConfiguration@4f78416e testClass = GreetingControllerTest, locations = '{}', classes = '{class org.example.App}', contextInitializerClasses = '[]', activeProfiles = '{}', propertySourceLocations = '{}', propertySourceProperties = '{}', resourceBasePath = 'src/main/webapp', contextLoader = 'org.springframework.boot.test.SpringApplicationContextLoader', parent = [null]]].
2019-05-07 22:24:15.207  INFO 1157 --- [    Test worker] o.s.t.c.transaction.TransactionContext   : Began transaction (1) for test context [DefaultTestContext@72b6c18e testClass = GreetingControllerTest, testInstance = org.example.ws.web.api.GreetingControllerTest@9ec32df, testMethod = testGetGreetingNotFound@GreetingControllerTest, testException = [null], mergedContextConfiguration = [WebMergedContextConfiguration@4f78416e testClass = GreetingControllerTest, locations = '{}', classes = '{class org.example.App}', contextInitializerClasses = '[]', activeProfiles = '{}', propertySourceLocations = '{}', propertySourceProperties = '{}', resourceBasePath = 'src/main/webapp', contextLoader = 'org.springframework.boot.test.SpringApplicationContextLoader', parent = [null]]]; transaction manager [org.springframework.orm.jpa.JpaTransactionManager@7d96d914]; rollback [true]
2019-05-07 22:24:15.208  INFO 1157 --- [    Test worker] o.s.mock.web.MockServletContext          : Initializing Spring FrameworkServlet ''
2019-05-07 22:24:15.208  INFO 1157 --- [    Test worker] o.s.t.web.servlet.TestDispatcherServlet  : FrameworkServlet '': initialization started
2019-05-07 22:24:15.216  INFO 1157 --- [    Test worker] o.s.t.web.servlet.TestDispatcherServlet  : FrameworkServlet '': initialization completed in 8 ms
2019-05-07 22:24:15.217  INFO 1157 --- [    Test worker] org.example.service.GreetingServiceBean  : > evictCache
2019-05-07 22:24:15.217  INFO 1157 --- [    Test worker] org.example.service.GreetingServiceBean  : < evictCache
2019-05-07 22:24:15.252  INFO 1157 --- [    Test worker] o.s.t.c.transaction.TransactionContext   : Rolled back transaction for test context [DefaultTestContext@72b6c18e testClass = GreetingControllerTest, testInstance = org.example.ws.web.api.GreetingControllerTest@9ec32df, testMethod = testGetGreetingNotFound@GreetingControllerTest, testException = [null], mergedContextConfiguration = [WebMergedContextConfiguration@4f78416e testClass = GreetingControllerTest, locations = '{}', classes = '{class org.example.App}', contextInitializerClasses = '[]', activeProfiles = '{}', propertySourceLocations = '{}', propertySourceProperties = '{}', resourceBasePath = 'src/main/webapp', contextLoader = 'org.springframework.boot.test.SpringApplicationContextLoader', parent = [null]]].
2019-05-07 22:24:15.259  INFO 1157 --- [    Test worker] o.s.t.c.transaction.TransactionContext   : Began transaction (1) for test context [DefaultTestContext@72b6c18e testClass = GreetingControllerTest, testInstance = org.example.ws.web.api.GreetingControllerTest@4c6b47f5, testMethod = testUpdateGreeting@GreetingControllerTest, testException = [null], mergedContextConfiguration = [WebMergedContextConfiguration@4f78416e testClass = GreetingControllerTest, locations = '{}', classes = '{class org.example.App}', contextInitializerClasses = '[]', activeProfiles = '{}', propertySourceLocations = '{}', propertySourceProperties = '{}', resourceBasePath = 'src/main/webapp', contextLoader = 'org.springframework.boot.test.SpringApplicationContextLoader', parent = [null]]]; transaction manager [org.springframework.orm.jpa.JpaTransactionManager@7d96d914]; rollback [true]
2019-05-07 22:24:15.261  INFO 1157 --- [    Test worker] o.s.mock.web.MockServletContext          : Initializing Spring FrameworkServlet ''
2019-05-07 22:24:15.263  INFO 1157 --- [    Test worker] o.s.t.web.servlet.TestDispatcherServlet  : FrameworkServlet '': initialization started
2019-05-07 22:24:15.271  INFO 1157 --- [    Test worker] o.s.t.web.servlet.TestDispatcherServlet  : FrameworkServlet '': initialization completed in 7 ms
2019-05-07 22:24:15.272  INFO 1157 --- [    Test worker] org.example.service.GreetingServiceBean  : > evictCache
2019-05-07 22:24:15.273  INFO 1157 --- [    Test worker] org.example.service.GreetingServiceBean  : < evictCache
2019-05-07 22:24:15.333  INFO 1157 --- [    Test worker] o.s.t.c.transaction.TransactionContext   : Rolled back transaction for test context [DefaultTestContext@72b6c18e testClass = GreetingControllerTest, testInstance = org.example.ws.web.api.GreetingControllerTest@4c6b47f5, testMethod = testUpdateGreeting@GreetingControllerTest, testException = [null], mergedContextConfiguration = [WebMergedContextConfiguration@4f78416e testClass = GreetingControllerTest, locations = '{}', classes = '{class org.example.App}', contextInitializerClasses = '[]', activeProfiles = '{}', propertySourceLocations = '{}', propertySourceProperties = '{}', resourceBasePath = 'src/main/webapp', contextLoader = 'org.springframework.boot.test.SpringApplicationContextLoader', parent = [null]]].
2019-05-07 22:24:15.343  INFO 1157 --- [    Test worker] o.s.t.c.transaction.TransactionContext   : Began transaction (1) for test context [DefaultTestContext@72b6c18e testClass = GreetingControllerTest, testInstance = org.example.ws.web.api.GreetingControllerTest@3f090689, testMethod = testCreateGreeting@GreetingControllerTest, testException = [null], mergedContextConfiguration = [WebMergedContextConfiguration@4f78416e testClass = GreetingControllerTest, locations = '{}', classes = '{class org.example.App}', contextInitializerClasses = '[]', activeProfiles = '{}', propertySourceLocations = '{}', propertySourceProperties = '{}', resourceBasePath = 'src/main/webapp', contextLoader = 'org.springframework.boot.test.SpringApplicationContextLoader', parent = [null]]]; transaction manager [org.springframework.orm.jpa.JpaTransactionManager@7d96d914]; rollback [true]
2019-05-07 22:24:15.344  INFO 1157 --- [    Test worker] o.s.mock.web.MockServletContext          : Initializing Spring FrameworkServlet ''
2019-05-07 22:24:15.345  INFO 1157 --- [    Test worker] o.s.t.web.servlet.TestDispatcherServlet  : FrameworkServlet '': initialization started
2019-05-07 22:24:15.354  INFO 1157 --- [    Test worker] o.s.t.web.servlet.TestDispatcherServlet  : FrameworkServlet '': initialization completed in 8 ms
2019-05-07 22:24:15.355  INFO 1157 --- [    Test worker] org.example.service.GreetingServiceBean  : > evictCache
2019-05-07 22:24:15.356  INFO 1157 --- [    Test worker] org.example.service.GreetingServiceBean  : < evictCache
2019-05-07 22:24:15.416  INFO 1157 --- [    Test worker] o.s.t.c.transaction.TransactionContext   : Rolled back transaction for test context [DefaultTestContext@72b6c18e testClass = GreetingControllerTest, testInstance = org.example.ws.web.api.GreetingControllerTest@3f090689, testMethod = testCreateGreeting@GreetingControllerTest, testException = [null], mergedContextConfiguration = [WebMergedContextConfiguration@4f78416e testClass = GreetingControllerTest, locations = '{}', classes = '{class org.example.App}', contextInitializerClasses = '[]', activeProfiles = '{}', propertySourceLocations = '{}', propertySourceProperties = '{}', resourceBasePath = 'src/main/webapp', contextLoader = 'org.springframework.boot.test.SpringApplicationContextLoader', parent = [null]]].
2019-05-07 22:24:15.426  INFO 1157 --- [    Test worker] o.s.t.c.transaction.TransactionContext   : Began transaction (1) for test context [DefaultTestContext@72b6c18e testClass = GreetingControllerTest, testInstance = org.example.ws.web.api.GreetingControllerTest@1f39ef2c, testMethod = testDeleteGreeting@GreetingControllerTest, testException = [null], mergedContextConfiguration = [WebMergedContextConfiguration@4f78416e testClass = GreetingControllerTest, locations = '{}', classes = '{class org.example.App}', contextInitializerClasses = '[]', activeProfiles = '{}', propertySourceLocations = '{}', propertySourceProperties = '{}', resourceBasePath = 'src/main/webapp', contextLoader = 'org.springframework.boot.test.SpringApplicationContextLoader', parent = [null]]]; transaction manager [org.springframework.orm.jpa.JpaTransactionManager@7d96d914]; rollback [true]
2019-05-07 22:24:15.428  INFO 1157 --- [    Test worker] o.s.mock.web.MockServletContext          : Initializing Spring FrameworkServlet ''
2019-05-07 22:24:15.430  INFO 1157 --- [    Test worker] o.s.t.web.servlet.TestDispatcherServlet  : FrameworkServlet '': initialization started
2019-05-07 22:24:15.438  INFO 1157 --- [    Test worker] o.s.t.web.servlet.TestDispatcherServlet  : FrameworkServlet '': initialization completed in 6 ms
2019-05-07 22:24:15.442  INFO 1157 --- [    Test worker] org.example.service.GreetingServiceBean  : > evictCache
2019-05-07 22:24:15.444  INFO 1157 --- [    Test worker] org.example.service.GreetingServiceBean  : < evictCache
2019-05-07 22:24:15.456 ERROR 1157 --- [    Test worker] org.example.ws.GreetingController        : > handleException
2019-05-07 22:24:15.477 ERROR 1157 --- [    Test worker] org.example.ws.GreetingController        : - Exception:

org.springframework.http.converter.HttpMessageNotReadableException: Required request body content is missing: org.springframework.web.method.HandlerMethod$HandlerMethodParameter@4b4d2684
	at org.springframework.web.servlet.mvc.method.annotation.RequestResponseBodyMethodProcessor.handleEmptyBody(RequestResponseBodyMethodProcessor.java:172)
	at org.springframework.web.servlet.mvc.method.annotation.RequestResponseBodyMethodProcessor.readWithMessageConverters(RequestResponseBodyMethodProcessor.java:137)
	at org.springframework.web.servlet.mvc.method.annotation.RequestResponseBodyMethodProcessor.resolveArgument(RequestResponseBodyMethodProcessor.java:102)
	at org.springframework.web.method.support.HandlerMethodArgumentResolverComposite.resolveArgument(HandlerMethodArgumentResolverComposite.java:77)
	at org.springframework.web.method.support.InvocableHandlerMethod.getMethodArgumentValues(InvocableHandlerMethod.java:162)
	at org.springframework.web.method.support.InvocableHandlerMethod.invokeForRequest(InvocableHandlerMethod.java:129)
	at org.springframework.web.servlet.mvc.method.annotation.ServletInvocableHandlerMethod.invokeAndHandle(ServletInvocableHandlerMethod.java:110)
	at org.springframework.web.servlet.mvc.method.annotation.RequestMappingHandlerAdapter.invokeHandleMethod(RequestMappingHandlerAdapter.java:776)
	at org.springframework.web.servlet.mvc.method.annotation.RequestMappingHandlerAdapter.handleInternal(RequestMappingHandlerAdapter.java:705)
	at org.springframework.web.servlet.mvc.method.AbstractHandlerMethodAdapter.handle(AbstractHandlerMethodAdapter.java:85)
	at org.springframework.web.servlet.DispatcherServlet.doDispatch(DispatcherServlet.java:959)
	at org.springframework.web.servlet.DispatcherServlet.doService(DispatcherServlet.java:893)
	at org.springframework.web.servlet.FrameworkServlet.processRequest(FrameworkServlet.java:967)
	at org.springframework.web.servlet.FrameworkServlet.doDelete(FrameworkServlet.java:891)
	at javax.servlet.http.HttpServlet.service(HttpServlet.java:654)
	at org.springframework.web.servlet.FrameworkServlet.service(FrameworkServlet.java:843)
	at org.springframework.test.web.servlet.TestDispatcherServlet.service(TestDispatcherServlet.java:65)
	at javax.servlet.http.HttpServlet.service(HttpServlet.java:729)
	at org.springframework.mock.web.MockFilterChain$ServletFilterProxy.doFilter(MockFilterChain.java:167)
	at org.springframework.mock.web.MockFilterChain.doFilter(MockFilterChain.java:134)
	at org.springframework.test.web.servlet.MockMvc.perform(MockMvc.java:144)
	at org.example.ws.web.api.GreetingControllerTest.testDeleteGreeting(GreetingControllerTest.java:166)
	at sun.reflect.NativeMethodAccessorImpl.invoke0(Native Method)
	at sun.reflect.NativeMethodAccessorImpl.invoke(NativeMethodAccessorImpl.java:62)
	at sun.reflect.DelegatingMethodAccessorImpl.invoke(DelegatingMethodAccessorImpl.java:43)
	at java.lang.reflect.Method.invoke(Method.java:498)
	at org.junit.runners.model.FrameworkMethod$1.runReflectiveCall(FrameworkMethod.java:50)
	at org.junit.internal.runners.model.ReflectiveCallable.run(ReflectiveCallable.java:12)
	at org.junit.runners.model.FrameworkMethod.invokeExplosively(FrameworkMethod.java:47)
	at org.junit.internal.runners.statements.InvokeMethod.evaluate(InvokeMethod.java:17)
	at org.junit.internal.runners.statements.RunBefores.evaluate(RunBefores.java:26)
	at org.springframework.test.context.junit4.statements.RunBeforeTestMethodCallbacks.evaluate(RunBeforeTestMethodCallbacks.java:73)
	at org.springframework.test.context.junit4.statements.RunAfterTestMethodCallbacks.evaluate(RunAfterTestMethodCallbacks.java:82)
	at org.springframework.test.context.junit4.statements.SpringRepeat.evaluate(SpringRepeat.java:73)
	at org.junit.runners.ParentRunner.runLeaf(ParentRunner.java:325)
	at org.springframework.test.context.junit4.SpringJUnit4ClassRunner.runChild(SpringJUnit4ClassRunner.java:224)
	at org.springframework.test.context.junit4.SpringJUnit4ClassRunner.runChild(SpringJUnit4ClassRunner.java:83)
	at org.junit.runners.ParentRunner$3.run(ParentRunner.java:290)
	at org.junit.runners.ParentRunner$1.schedule(ParentRunner.java:71)
	at org.junit.runners.ParentRunner.runChildren(ParentRunner.java:288)
	at org.junit.runners.ParentRunner.access$000(ParentRunner.java:58)
	at org.junit.runners.ParentRunner$2.evaluate(ParentRunner.java:268)
	at org.springframework.test.context.junit4.statements.RunBeforeTestClassCallbacks.evaluate(RunBeforeTestClassCallbacks.java:61)
	at org.springframework.test.context.junit4.statements.RunAfterTestClassCallbacks.evaluate(RunAfterTestClassCallbacks.java:68)
	at org.junit.runners.ParentRunner.run(ParentRunner.java:363)
	at org.springframework.test.context.junit4.SpringJUnit4ClassRunner.run(SpringJUnit4ClassRunner.java:163)
	at org.gradle.api.internal.tasks.testing.junit.JUnitTestClassExecuter.runTestClass(JUnitTestClassExecuter.java:105)
	at org.gradle.api.internal.tasks.testing.junit.JUnitTestClassExecuter.execute(JUnitTestClassExecuter.java:56)
	at org.gradle.api.internal.tasks.testing.junit.JUnitTestClassProcessor.processTestClass(JUnitTestClassProcessor.java:64)
	at org.gradle.api.internal.tasks.testing.SuiteTestClassProcessor.processTestClass(SuiteTestClassProcessor.java:50)
	at sun.reflect.NativeMethodAccessorImpl.invoke0(Native Method)
	at sun.reflect.NativeMethodAccessorImpl.invoke(NativeMethodAccessorImpl.java:62)
	at sun.reflect.DelegatingMethodAccessorImpl.invoke(DelegatingMethodAccessorImpl.java:43)
	at java.lang.reflect.Method.invoke(Method.java:498)
	at org.gradle.messaging.dispatch.ReflectionDispatch.dispatch(ReflectionDispatch.java:35)
	at org.gradle.messaging.dispatch.ReflectionDispatch.dispatch(ReflectionDispatch.java:24)
	at org.gradle.messaging.dispatch.ContextClassLoaderDispatch.dispatch(ContextClassLoaderDispatch.java:32)
	at org.gradle.messaging.dispatch.ProxyDispatchAdapter$DispatchingInvocationHandler.invoke(ProxyDispatchAdapter.java:93)
	at com.sun.proxy.$Proxy5.processTestClass(Unknown Source)
	at org.gradle.api.internal.tasks.testing.worker.TestWorker.processTestClass(TestWorker.java:106)
	at sun.reflect.NativeMethodAccessorImpl.invoke0(Native Method)
	at sun.reflect.NativeMethodAccessorImpl.invoke(NativeMethodAccessorImpl.java:62)
	at sun.reflect.DelegatingMethodAccessorImpl.invoke(DelegatingMethodAccessorImpl.java:43)
	at java.lang.reflect.Method.invoke(Method.java:498)
	at org.gradle.messaging.dispatch.ReflectionDispatch.dispatch(ReflectionDispatch.java:35)
	at org.gradle.messaging.dispatch.ReflectionDispatch.dispatch(ReflectionDispatch.java:24)
	at org.gradle.messaging.remote.internal.hub.MessageHub$Handler.run(MessageHub.java:360)
	at org.gradle.internal.concurrent.ExecutorPolicy$CatchAndRecordFailures.onExecute(ExecutorPolicy.java:54)
	at org.gradle.internal.concurrent.StoppableExecutorImpl$1.run(StoppableExecutorImpl.java:40)
	at java.util.concurrent.ThreadPoolExecutor.runWorker(ThreadPoolExecutor.java:1149)
	at java.util.concurrent.ThreadPoolExecutor$Worker.run(ThreadPoolExecutor.java:624)
	at java.lang.Thread.run(Thread.java:748)

2019-05-07 22:24:15.504 ERROR 1157 --- [    Test worker] org.example.ws.GreetingController        : < handleException
2019-05-07 22:24:15.529  INFO 1157 --- [    Test worker] o.s.t.c.transaction.TransactionContext   : Rolled back transaction for test context [DefaultTestContext@72b6c18e testClass = GreetingControllerTest, testInstance = org.example.ws.web.api.GreetingControllerTest@1f39ef2c, testMethod = testDeleteGreeting@GreetingControllerTest, testException = java.lang.AssertionError: failure - expected HTTP status 204 expected:<204> but was:<500>, mergedContextConfiguration = [WebMergedContextConfiguration@4f78416e testClass = GreetingControllerTest, locations = '{}', classes = '{class org.example.App}', contextInitializerClasses = '[]', activeProfiles = '{}', propertySourceLocations = '{}', propertySourceProperties = '{}', resourceBasePath = 'src/main/webapp', contextLoader = 'org.springframework.boot.test.SpringApplicationContextLoader', parent = [null]]].
2019-05-07 22:24:15.550  INFO 1157 --- [    Test worker] o.s.t.c.transaction.TransactionContext   : Began transaction (1) for test context [DefaultTestContext@72b6c18e testClass = GreetingControllerTest, testInstance = org.example.ws.web.api.GreetingControllerTest@6af64af9, testMethod = testGetGreeting@GreetingControllerTest, testException = [null], mergedContextConfiguration = [WebMergedContextConfiguration@4f78416e testClass = GreetingControllerTest, locations = '{}', classes = '{class org.example.App}', contextInitializerClasses = '[]', activeProfiles = '{}', propertySourceLocations = '{}', propertySourceProperties = '{}', resourceBasePath = 'src/main/webapp', contextLoader = 'org.springframework.boot.test.SpringApplicationContextLoader', parent = [null]]]; transaction manager [org.springframework.orm.jpa.JpaTransactionManager@7d96d914]; rollback [true]
2019-05-07 22:24:15.551  INFO 1157 --- [    Test worker] o.s.mock.web.MockServletContext          : Initializing Spring FrameworkServlet ''
2019-05-07 22:24:15.551  INFO 1157 --- [    Test worker] o.s.t.web.servlet.TestDispatcherServlet  : FrameworkServlet '': initialization started
2019-05-07 22:24:15.557  INFO 1157 --- [    Test worker] o.s.t.web.servlet.TestDispatcherServlet  : FrameworkServlet '': initialization completed in 6 ms
2019-05-07 22:24:15.557  INFO 1157 --- [    Test worker] org.example.service.GreetingServiceBean  : > evictCache
2019-05-07 22:24:15.558  INFO 1157 --- [    Test worker] org.example.service.GreetingServiceBean  : < evictCache
2019-05-07 22:24:15.572  INFO 1157 --- [    Test worker] o.s.t.c.transaction.TransactionContext   : Rolled back transaction for test context [DefaultTestContext@72b6c18e testClass = GreetingControllerTest, testInstance = org.example.ws.web.api.GreetingControllerTest@6af64af9, testMethod = testGetGreeting@GreetingControllerTest, testException = [null], mergedContextConfiguration = [WebMergedContextConfiguration@4f78416e testClass = GreetingControllerTest, locations = '{}', classes = '{class org.example.App}', contextInitializerClasses = '[]', activeProfiles = '{}', propertySourceLocations = '{}', propertySourceProperties = '{}', resourceBasePath = 'src/main/webapp', contextLoader = 'org.springframework.boot.test.SpringApplicationContextLoader', parent = [null]]].
]]></system-out>
  <system-err><![CDATA[]]></system-err>
</testsuite>
